<?xml version="1.0" encoding="UTF-8"?>
<testng-results skipped="0" failed="0" total="1" passed="1">
  <reporter-output>
  </reporter-output>
  <suite name="Default suite" duration-ms="32149" started-at="2018-10-09T07:20:41Z" finished-at="2018-10-09T07:21:13Z">
    <groups>
    </groups>
    <test name="Default test" duration-ms="32149" started-at="2018-10-09T07:20:41Z" finished-at="2018-10-09T07:21:13Z">
      <class name="testCases.gmailLoginTC">
        <test-method status="PASS" signature="Login()[pri:0, instance:testCases.gmailLoginTC@1753acfe]" name="Login" duration-ms="32136" started-at="2018-10-09T12:50:41Z" finished-at="2018-10-09T12:51:13Z">
          <reporter-output>
          </reporter-output>
        </test-method> <!-- Login -->
      </class> <!-- testCases.gmailLoginTC -->
    </test> <!-- Default test -->
  </suite> <!-- Default suite -->
</testng-results>
